<?xml version="1.0" encoding="UTF-8"?>
<testng-results ignored="0" total="1" passed="1" failed="0" skipped="0">
  <reporter-output>
  </reporter-output>
  <suite started-at="2022-09-27T12:05:28Z" name="Default suite" finished-at="2022-09-27T12:05:32Z" duration-ms="3553">
    <groups>
    </groups>
    <test started-at="2022-09-27T12:05:28Z" name="Default test" finished-at="2022-09-27T12:05:32Z" duration-ms="3553">
      <class name="Autontication.BarerToken">
        <test-method signature="BarerTokenTest()[pri:0, instance:Autontication.BarerToken@6e005dc9]" started-at="2022-09-27T12:05:28Z" name="BarerTokenTest" finished-at="2022-09-27T12:05:32Z" duration-ms="3478" status="PASS">
          <reporter-output>
          </reporter-output>
        </test-method> <!-- BarerTokenTest -->
      </class> <!-- Autontication.BarerToken -->
    </test> <!-- Default test -->
  </suite> <!-- Default suite -->
</testng-results>
